app/build/outputs/logs/manifest-merger-debug-report.txt
-- Merging decision tree log ---
manifest
ADDED from src\main\AndroidManifest.xml:2:1-125:12
INJECTED from src\main\AndroidManifest.xml:2:1-125:12
INJECTED from src\main\AndroidManifest.xml:2:1-125:12
INJECTED from src\main\AndroidManifest.xml:2:1-125:12
MERGED from [com.android.support:appcompat-v7:28.0.0] AndroidManifest.xml:17:1-22:12
MERGED from [com.android.support:support-v4:28.0.0] AndroidManifest.xml:17:1-22:12
MERGED from [com.android.support:support-fragment:28.0.0] AndroidManifest.xml:17:1-22:12
MERGED from [com.android.support:animated-vector-drawable:28.0.0] AndroidManifest.xml:17:1-22:12
MERGED from [com.android.support:support-core-ui:28.0.0] AndroidManifest.xml:17:1-22:12
MERGED from [com.android.support:support-core-utils:28.0.0] AndroidManifest.xml:17:1-22:12
MERGED from [com.android.support:support-vector-drawable:28.0.0] AndroidManifest.xml:17:1-22:12
MERGED from [com.android.support:support-media-compat:28.0.0] AndroidManifest.xml:17:1-22:12
MERGED from [com.android.support:loader:28.0.0] AndroidManifest.xml:17:1-22:12
MERGED from [com.android.support:viewpager:28.0.0] AndroidManifest.xml:17:1-22:12
MERGED from [com.android.support:coordinatorlayout:28.0.0] AndroidManifest.xml:17:1-22:12
MERGED from [com.android.support:drawerlayout:28.0.0] AndroidManifest.xml:17:1-22:12
MERGED from [com.android.support:slidingpanelayout:28.0.0] AndroidManifest.xml:17:1-22:12
MERGED from [com.android.support:customview:28.0.0] AndroidManifest.xml:17:1-22:12
MERGED from [com.android.support:swiperefreshlayout:28.0.0] AndroidManifest.xml:17:1-22:12
MERGED from [com.android.support:asynclayoutinflater:28.0.0] AndroidManifest.xml:17:1-22:12
MERGED from [com.android.support:support-compat:28.0.0] AndroidManifest.xml:17:1-24:12
MERGED from [com.android.support:versionedparcelable:28.0.0] AndroidManifest.xml:17:1-25:12
MERGED from [com.android.support:cursoradapter:28.0.0] AndroidManifest.xml:17:1-22:12
MERGED from [android.arch.lifecycle:runtime:1.1.1] AndroidManifest.xml:17:1-22:12
MERGED from [com.android.support:documentfile:28.0.0] AndroidManifest.xml:17:1-22:12
MERGED from [com.android.support:localbroadcastmanager:28.0.0] AndroidManifest.xml:17:1-22:12
MERGED from [com.android.support:print:28.0.0] AndroidManifest.xml:17:1-22:12
MERGED from [android.arch.lifecycle:viewmodel:1.1.1] AndroidManifest.xml:17:1-22:12
MERGED from [com.android.support:interpolator:28.0.0] AndroidManifest.xml:17:1-22:12
MERGED from [android.arch.lifecycle:livedata:1.1.1] AndroidManifest.xml:17:1-22:12
MERGED from [android.arch.lifecycle:livedata-core:1.1.1] AndroidManifest.xml:17:1-22:12
MERGED from [android.arch.core:runtime:1.1.1] AndroidManifest.xml:17:1-22:12
INJECTED from src\main\AndroidManifest.xml:2:1-125:12
INJECTED from src\main\AndroidManifest.xml:2:1-125:12
INJECTED from src\main\AndroidManifest.xml:2:1-125:12
	package
		ADDED from src\main\AndroidManifest.xml:3:5-37
		INJECTED from src\main\AndroidManifest.xml
		INJECTED from src\main\AndroidManifest.xml
	android:versionName
		INJECTED from src\main\AndroidManifest.xml
		ADDED from src\main\AndroidManifest.xml:2:1-125:12
		INJECTED from src\main\AndroidManifest.xml
	android:versionCode
		INJECTED from src\main\AndroidManifest.xml
		ADDED from src\main\AndroidManifest.xml:2:1-125:12
		INJECTED from src\main\AndroidManifest.xml
	xmlns:android
		ADDED from src\main\AndroidManifest.xml:2:11-69
application
ADDED from src\main\AndroidManifest.xml:5:5-123:19
MERGED from [com.android.support:support-compat:28.0.0] AndroidManifest.xml:22:5-94
MERGED from [com.android.support:support-compat:28.0.0] AndroidManifest.xml:22:5-94
MERGED from [com.android.support:versionedparcelable:28.0.0] AndroidManifest.xml:22:5-23:19
MERGED from [com.android.support:versionedparcelable:28.0.0] AndroidManifest.xml:22:5-23:19
	android:appComponentFactory
		ADDED from [com.android.support:support-compat:28.0.0] AndroidManifest.xml:22:18-91
	android:supportsRtl
		ADDED from src\main\AndroidManifest.xml:10:9-35
	android:label
		ADDED from src\main\AndroidManifest.xml:8:9-41
	android:roundIcon
		ADDED from src\main\AndroidManifest.xml:9:9-54
	android:icon
		ADDED from src\main\AndroidManifest.xml:7:9-43
	android:allowBackup
		ADDED from src\main\AndroidManifest.xml:6:9-35
	android:theme
		ADDED from src\main\AndroidManifest.xml:11:9-40
activity#com.ust.project.siklab.ActivitySplash
ADDED from src\main\AndroidManifest.xml:13:9-21:20
	android:label
		ADDED from src\main\AndroidManifest.xml:15:13-45
	android:theme
		ADDED from src\main\AndroidManifest.xml:16:13-56
	android:name
		ADDED from src\main\AndroidManifest.xml:14:13-43
intent-filter#action:name:android.intent.action.MAIN+category:name:android.intent.category.LAUNCHER
ADDED from src\main\AndroidManifest.xml:17:13-20:29
action#android.intent.action.MAIN
ADDED from src\main\AndroidManifest.xml:18:17-69
	android:name
		ADDED from src\main\AndroidManifest.xml:18:25-66
category#android.intent.category.LAUNCHER
ADDED from src\main\AndroidManifest.xml:19:17-77
	android:name
		ADDED from src\main\AndroidManifest.xml:19:27-74
activity#com.ust.project.siklab.ActivityHome
ADDED from src\main\AndroidManifest.xml:23:9-26:58
	android:label
		ADDED from src\main\AndroidManifest.xml:25:13-33
	android:theme
		ADDED from src\main\AndroidManifest.xml:26:13-56
	android:name
		ADDED from src\main\AndroidManifest.xml:24:13-41
activity#com.ust.project.siklab.ActivityLessons
ADDED from src\main\AndroidManifest.xml:28:9-31:57
	android:parentActivityName
		ADDED from src\main\AndroidManifest.xml:31:13-55
	android:label
		ADDED from src\main\AndroidManifest.xml:30:13-36
	android:name
		ADDED from src\main\AndroidManifest.xml:29:13-44
activity#com.ust.project.siklab.Lessons.ActivityLessonOne
ADDED from src\main\AndroidManifest.xml:34:9-37:61
	android:parentActivityName
		ADDED from src\main\AndroidManifest.xml:37:13-58
	android:label
		ADDED from src\main\AndroidManifest.xml:36:13-39
	android:name
		ADDED from src\main\AndroidManifest.xml:35:13-54
activity#com.ust.project.siklab.Lessons.ActivityLessonTwo
ADDED from src\main\AndroidManifest.xml:39:9-42:61
	android:parentActivityName
		ADDED from src\main\AndroidManifest.xml:42:13-58
	android:label
		ADDED from src\main\AndroidManifest.xml:41:13-39
	android:name
		ADDED from src\main\AndroidManifest.xml:40:13-54
activity#com.ust.project.siklab.Lessons.ActivityLessonThree
ADDED from src\main\AndroidManifest.xml:44:9-47:61
	android:parentActivityName
		ADDED from src\main\AndroidManifest.xml:47:13-58
	android:label
		ADDED from src\main\AndroidManifest.xml:46:13-41
	android:name
		ADDED from src\main\AndroidManifest.xml:45:13-56
activity#com.ust.project.siklab.Lessons.ActivityLessonFour
ADDED from src\main\AndroidManifest.xml:49:9-52:61
	android:parentActivityName
		ADDED from src\main\AndroidManifest.xml:52:13-58
	android:label
		ADDED from src\main\AndroidManifest.xml:51:13-40
	android:name
		ADDED from src\main\AndroidManifest.xml:50:13-55
activity#com.ust.project.siklab.Lessons.ActivityLessonFive
ADDED from src\main\AndroidManifest.xml:54:9-57:61
	android:parentActivityName
		ADDED from src\main\AndroidManifest.xml:57:13-58
	android:label
		ADDED from src\main\AndroidManifest.xml:56:13-40
	android:name
		ADDED from src\main\AndroidManifest.xml:55:13-55
activity#com.ust.project.siklab.ActivityTakeQuiz
ADDED from src\main\AndroidManifest.xml:60:9-62:41
	android:label
		ADDED from src\main\AndroidManifest.xml:62:13-38
	android:name
		ADDED from src\main\AndroidManifest.xml:61:13-45
activity#com.ust.project.siklab.Quizzes.ActivityQuizOne
ADDED from src\main\AndroidManifest.xml:65:9-67:40
	android:label
		ADDED from src\main\AndroidManifest.xml:67:13-37
	android:name
		ADDED from src\main\AndroidManifest.xml:66:13-52
activity#com.ust.project.siklab.Quizzes.ActivityQuizTwo
ADDED from src\main\AndroidManifest.xml:69:9-71:40
	android:label
		ADDED from src\main\AndroidManifest.xml:71:13-37
	android:name
		ADDED from src\main\AndroidManifest.xml:70:13-52
activity#com.ust.project.siklab.Quizzes.ActivityQuizThree
ADDED from src\main\AndroidManifest.xml:73:9-75:42
	android:label
		ADDED from src\main\AndroidManifest.xml:75:13-39
	android:name
		ADDED from src\main\AndroidManifest.xml:74:13-54
activity#com.ust.project.siklab.Quizzes.ActivityQuizFour
ADDED from src\main\AndroidManifest.xml:77:9-79:41
	android:label
		ADDED from src\main\AndroidManifest.xml:79:13-38
	android:name
		ADDED from src\main\AndroidManifest.xml:78:13-53
activity#com.ust.project.siklab.Quizzes.ActivityQuizFive
ADDED from src\main\AndroidManifest.xml:81:9-83:41
	android:label
		ADDED from src\main\AndroidManifest.xml:83:13-38
	android:name
		ADDED from src\main\AndroidManifest.xml:82:13-53
activity#com.ust.project.siklab.Results.ActivityResultOne
ADDED from src\main\AndroidManifest.xml:87:9-89:41
	android:label
		ADDED from src\main\AndroidManifest.xml:89:13-39
	android:name
		ADDED from src\main\AndroidManifest.xml:88:13-54
activity#com.ust.project.siklab.Results.ActivityResultTwo
ADDED from src\main\AndroidManifest.xml:91:9-93:41
	android:label
		ADDED from src\main\AndroidManifest.xml:93:13-39
	android:name
		ADDED from src\main\AndroidManifest.xml:92:13-54
activity#com.ust.project.siklab.Results.ActivityResultThree
ADDED from src\main\AndroidManifest.xml:95:9-97:43
	android:label
		ADDED from src\main\AndroidManifest.xml:97:13-41
	android:name
		ADDED from src\main\AndroidManifest.xml:96:13-56
activity#com.ust.project.siklab.Results.ActivityResultFour
ADDED from src\main\AndroidManifest.xml:99:9-101:42
	android:label
		ADDED from src\main\AndroidManifest.xml:101:13-40
	android:name
		ADDED from src\main\AndroidManifest.xml:100:13-55
activity#com.ust.project.siklab.Results.ActivityResultFive
ADDED from src\main\AndroidManifest.xml:103:9-105:42
	android:label
		ADDED from src\main\AndroidManifest.xml:105:13-40
	android:name
		ADDED from src\main\AndroidManifest.xml:104:13-55
activity#com.ust.project.siklab.ActivityAnswers
ADDED from src\main\AndroidManifest.xml:108:9-110:39
	android:label
		ADDED from src\main\AndroidManifest.xml:110:13-36
	android:name
		ADDED from src\main\AndroidManifest.xml:109:13-44
activity#com.ust.project.siklab.ActivityQuizzes
ADDED from src\main\AndroidManifest.xml:112:9-115:57
	android:parentActivityName
		ADDED from src\main\AndroidManifest.xml:115:13-55
	android:label
		ADDED from src\main\AndroidManifest.xml:114:13-36
	android:name
		ADDED from src\main\AndroidManifest.xml:113:13-44
activity#com.ust.project.siklab.ActivityProgress
ADDED from src\main\AndroidManifest.xml:117:9-120:57
	android:parentActivityName
		ADDED from src\main\AndroidManifest.xml:120:13-55
	android:label
		ADDED from src\main\AndroidManifest.xml:119:13-37
	android:name
		ADDED from src\main\AndroidManifest.xml:118:13-45
uses-sdk
INJECTED from src\main\AndroidManifest.xml reason: use-sdk injection requested
INJECTED from src\main\AndroidManifest.xml
INJECTED from src\main\AndroidManifest.xml
MERGED from [com.android.support:appcompat-v7:28.0.0] AndroidManifest.xml:20:5-44
MERGED from [com.android.support:appcompat-v7:28.0.0] AndroidManifest.xml:20:5-44
MERGED from [com.android.support:support-v4:28.0.0] AndroidManifest.xml:20:5-44
MERGED from [com.android.support:support-v4:28.0.0] AndroidManifest.xml:20:5-44
MERGED from [com.android.support:support-fragment:28.0.0] AndroidManifest.xml:20:5-44
MERGED from [com.android.support:support-fragment:28.0.0] AndroidManifest.xml:20:5-44
MERGED from [com.android.support:animated-vector-drawable:28.0.0] AndroidManifest.xml:20:5-44
MERGED from [com.android.support:animated-vector-drawable:28.0.0] AndroidManifest.xml:20:5-44
MERGED from [com.android.support:support-core-ui:28.0.0] AndroidManifest.xml:20:5-44
MERGED from [com.android.support:support-core-ui:28.0.0] AndroidManifest.xml:20:5-44
MERGED from [com.android.support:support-core-utils:28.0.0] AndroidManifest.xml:20:5-44
MERGED from [com.android.support:support-core-utils:28.0.0] AndroidManifest.xml:20:5-44
MERGED from [com.android.support:support-vector-drawable:28.0.0] AndroidManifest.xml:20:5-44
MERGED from [com.android.support:support-vector-drawable:28.0.0] AndroidManifest.xml:20:5-44
MERGED from [com.android.support:support-media-compat:28.0.0] AndroidManifest.xml:20:5-44
MERGED from [com.android.support:support-media-compat:28.0.0] AndroidManifest.xml:20:5-44
MERGED from [com.android.support:loader:28.0.0] AndroidManifest.xml:20:5-44
MERGED from [com.android.support:loader:28.0.0] AndroidManifest.xml:20:5-44
MERGED from [com.android.support:viewpager:28.0.0] AndroidManifest.xml:20:5-44
MERGED from [com.android.support:viewpager:28.0.0] AndroidManifest.xml:20:5-44
MERGED from [com.android.support:coordinatorlayout:28.0.0] AndroidManifest.xml:20:5-44
MERGED from [com.android.support:coordinatorlayout:28.0.0] AndroidManifest.xml:20:5-44
MERGED from [com.android.support:drawerlayout:28.0.0] AndroidManifest.xml:20:5-44
MERGED from [com.android.support:drawerlayout:28.0.0] AndroidManifest.xml:20:5-44
MERGED from [com.android.support:slidingpanelayout:28.0.0] AndroidManifest.xml:20:5-44
MERGED from [com.android.support:slidingpanelayout:28.0.0] AndroidManifest.xml:20:5-44
MERGED from [com.android.support:customview:28.0.0] AndroidManifest.xml:20:5-44
MERGED from [com.android.support:customview:28.0.0] AndroidManifest.xml:20:5-44
MERGED from [com.android.support:swiperefreshlayout:28.0.0] AndroidManifest.xml:20:5-44
MERGED from [com.android.support:swiperefreshlayout:28.0.0] AndroidManifest.xml:20:5-44
MERGED from [com.android.support:asynclayoutinflater:28.0.0] AndroidManifest.xml:20:5-44
MERGED from [com.android.support:asynclayoutinflater:28.0.0] AndroidManifest.xml:20:5-44
MERGED from [com.android.support:support-compat:28.0.0] AndroidManifest.xml:20:5-44
MERGED from [com.android.support:support-compat:28.0.0] AndroidManifest.xml:20:5-44
MERGED from [com.android.support:versionedparcelable:28.0.0] AndroidManifest.xml:20:5-44
MERGED from [com.android.support:versionedparcelable:28.0.0] AndroidManifest.xml:20:5-44
MERGED from [com.android.support:cursoradapter:28.0.0] AndroidManifest.xml:20:5-44
MERGED from [com.android.support:cursoradapter:28.0.0] AndroidManifest.xml:20:5-44
MERGED from [android.arch.lifecycle:runtime:1.1.1] AndroidManifest.xml:20:5-44
MERGED from [android.arch.lifecycle:runtime:1.1.1] AndroidManifest.xml:20:5-44
MERGED from [com.android.support:documentfile:28.0.0] AndroidManifest.xml:20:5-44
MERGED from [com.android.support:documentfile:28.0.0] AndroidManifest.xml:20:5-44
MERGED from [com.android.support:localbroadcastmanager:28.0.0] AndroidManifest.xml:20:5-44
MERGED from [com.android.support:localbroadcastmanager:28.0.0] AndroidManifest.xml:20:5-44
MERGED from [com.android.support:print:28.0.0] AndroidManifest.xml:20:5-44
MERGED from [com.android.support:print:28.0.0] AndroidManifest.xml:20:5-44
MERGED from [android.arch.lifecycle:viewmodel:1.1.1] AndroidManifest.xml:20:5-44
MERGED from [android.arch.lifecycle:viewmodel:1.1.1] AndroidManifest.xml:20:5-44
MERGED from [com.android.support:interpolator:28.0.0] AndroidManifest.xml:20:5-44
MERGED from [com.android.support:interpolator:28.0.0] AndroidManifest.xml:20:5-44
MERGED from [android.arch.lifecycle:livedata:1.1.1] AndroidManifest.xml:20:5-44
MERGED from [android.arch.lifecycle:livedata:1.1.1] AndroidManifest.xml:20:5-44
MERGED from [android.arch.lifecycle:livedata-core:1.1.1] AndroidManifest.xml:20:5-44
MERGED from [android.arch.lifecycle:livedata-core:1.1.1] AndroidManifest.xml:20:5-44
MERGED from [android.arch.core:runtime:1.1.1] AndroidManifest.xml:20:5-44
MERGED from [android.arch.core:runtime:1.1.1] AndroidManifest.xml:20:5-44
INJECTED from src\main\AndroidManifest.xml
INJECTED from src\main\AndroidManifest.xml
	android:targetSdkVersion
		INJECTED from src\main\AndroidManifest.xml
		ADDED from src\main\AndroidManifest.xml
		INJECTED from src\main\AndroidManifest.xml
	android:minSdkVersion
		INJECTED from src\main\AndroidManifest.xml
		ADDED from src\main\AndroidManifest.xml
		INJECTED from src\main\AndroidManifest.xml